2023-03-08 11:23:12 INFO  Main:36 - saved data reading
2023-03-08 11:23:12 INFO  Main:41 - application start
2023-03-08 11:23:13 INFO  Controller:74 - Main controller initializing
2023-03-15 20:07:22 INFO  Main:36 - saved data reading
2023-03-15 20:07:22 INFO  Main:41 - application start
2023-03-15 20:07:22 INFO  Controller:74 - Main controller initializing
2023-03-15 20:07:43 INFO  NewEditController:90 - new/edit window initializing
2023-03-15 20:07:49 INFO  NewEditController:90 - new/edit window initializing
2023-03-15 20:13:29 INFO  Main:36 - saved data reading
2023-03-15 20:13:29 INFO  Main:41 - application start
2023-03-15 20:13:30 INFO  Controller:74 - Main controller initializing
2023-03-15 20:13:56 INFO  Main:36 - saved data reading
2023-03-15 20:13:56 INFO  Main:41 - application start
2023-03-15 20:13:56 INFO  Controller:74 - Main controller initializing
2023-03-15 20:14:02 INFO  NewEditController:90 - new/edit window initializing
2023-03-15 20:14:15 INFO  Main:36 - saved data reading
2023-03-15 20:14:15 INFO  Main:41 - application start
2023-03-15 20:14:16 INFO  Controller:74 - Main controller initializing
2023-03-30 16:08:58 INFO  Main:36 - saved data reading
2023-03-30 16:08:58 INFO  Main:41 - application start
2023-03-30 16:08:58 INFO  Controller:74 - Main controller initializing
2023-03-30 16:09:02 INFO  NewEditController:90 - new/edit window initializing
2023-03-30 16:33:27 INFO  Main:36 - saved data reading
2023-03-30 16:33:27 INFO  Main:41 - application start
2023-03-30 16:33:27 INFO  Controller:74 - Main controller initializing
2023-03-30 16:33:31 INFO  NewEditController:90 - new/edit window initializing
2023-03-30 16:34:15 INFO  Main:36 - saved data reading
2023-03-30 16:34:15 INFO  Main:41 - application start
2023-03-30 16:34:15 INFO  Controller:74 - Main controller initializing
2023-03-30 16:34:18 INFO  NewEditController:90 - new/edit window initializing
2023-03-30 16:34:24 INFO  NewEditController:90 - new/edit window initializing
2023-03-30 16:34:53 INFO  Main:36 - saved data reading
2023-03-30 16:34:53 INFO  Main:41 - application start
2023-03-30 16:34:53 INFO  Controller:74 - Main controller initializing
2023-03-30 16:34:58 INFO  NewEditController:90 - new/edit window initializing
2023-03-30 16:35:20 INFO  Main:36 - saved data reading
2023-03-30 16:35:20 INFO  Main:41 - application start
2023-03-30 16:35:21 INFO  Controller:74 - Main controller initializing
2023-03-30 16:35:25 INFO  NewEditController:90 - new/edit window initializing
2023-03-30 16:36:10 INFO  Main:36 - saved data reading
2023-03-30 16:36:10 INFO  Main:41 - application start
2023-03-30 16:36:11 INFO  Controller:78 - Main controller initializing
2023-03-30 16:36:14 INFO  NewEditController:90 - new/edit window initializing
2023-03-30 16:38:06 INFO  Main:36 - saved data reading
2023-03-30 16:38:06 INFO  Main:41 - application start
2023-03-30 16:38:06 INFO  Controller:78 - Main controller initializing
2023-03-30 16:38:09 INFO  NewEditController:90 - new/edit window initializing
2023-03-30 16:44:50 INFO  Main:36 - saved data reading
2023-03-30 16:44:50 INFO  Main:41 - application start
2023-03-30 16:44:50 INFO  Controller:78 - Main controller initializing
2023-03-30 16:44:54 INFO  NewEditController:90 - new/edit window initializing
2023-03-30 16:47:08 INFO  Main:36 - saved data reading
2023-03-30 16:47:08 INFO  Main:41 - application start
2023-03-30 16:47:09 INFO  Controller:78 - Main controller initializing
2023-03-30 16:47:11 INFO  NewEditController:90 - new/edit window initializing
2023-03-30 16:48:12 INFO  Main:36 - saved data reading
2023-03-30 16:48:12 INFO  Main:41 - application start
2023-03-30 16:48:12 INFO  Controller:78 - Main controller initializing
2023-03-30 16:48:17 INFO  NewEditController:90 - new/edit window initializing
2023-03-30 16:48:48 INFO  Main:36 - saved data reading
2023-03-30 16:48:48 INFO  Main:41 - application start
2023-03-30 16:48:48 INFO  Controller:78 - Main controller initializing
2023-03-30 16:48:51 INFO  NewEditController:90 - new/edit window initializing
2023-03-30 16:49:19 INFO  Main:36 - saved data reading
2023-03-30 16:49:19 INFO  Main:41 - application start
2023-03-30 16:49:20 INFO  Controller:78 - Main controller initializing
2023-03-30 16:49:23 INFO  NewEditController:90 - new/edit window initializing
2023-03-30 16:49:40 INFO  Main:36 - saved data reading
2023-03-30 16:49:40 INFO  Main:41 - application start
2023-03-30 16:49:41 INFO  Controller:78 - Main controller initializing
2023-03-30 16:49:45 INFO  NewEditController:90 - new/edit window initializing
2023-03-30 16:50:18 INFO  Main:36 - saved data reading
2023-03-30 16:50:18 INFO  Main:41 - application start
2023-03-30 16:50:19 INFO  Controller:78 - Main controller initializing
2023-03-30 16:50:22 INFO  NewEditController:90 - new/edit window initializing
2023-03-30 16:51:05 INFO  Main:36 - saved data reading
2023-03-30 16:51:05 INFO  Main:41 - application start
2023-03-30 16:51:05 INFO  Controller:78 - Main controller initializing
2023-03-30 16:51:08 INFO  NewEditController:90 - new/edit window initializing
2023-03-30 16:52:02 INFO  Main:36 - saved data reading
2023-03-30 16:52:02 INFO  Main:41 - application start
2023-03-30 16:52:03 INFO  Controller:78 - Main controller initializing
2023-03-30 16:52:06 INFO  NewEditController:90 - new/edit window initializing
2023-03-30 16:53:19 INFO  Main:36 - saved data reading
2023-03-30 16:53:19 INFO  Main:41 - application start
2023-03-30 16:53:20 INFO  Controller:78 - Main controller initializing
2023-03-30 16:53:22 INFO  NewEditController:90 - new/edit window initializing
2023-03-30 16:54:19 INFO  NewEditController:90 - new/edit window initializing
2023-03-30 16:55:01 INFO  Main:36 - saved data reading
2023-03-30 16:55:01 ERROR TaskIO:92 - IO exception reading or writing file
2023-03-30 16:55:01 INFO  Main:41 - application start
2023-03-30 16:55:01 INFO  Controller:78 - Main controller initializing
2023-03-30 16:55:05 INFO  NewEditController:90 - new/edit window initializing
2023-03-30 16:55:31 INFO  NewEditController:90 - new/edit window initializing
